<?xml version="1.0" encoding="UTF-8"?>
<!-- Generated by org.testng.reporters.JUnitReportReporter -->
<testsuite skipped="0" hostname="ranganath" name="completeautomation.fromscratch.assertverification" tests="1" failures="0" timestamp="2020-11-09T00:02:32 CET" time="0.117" errors="0">
  <testcase name="pageNavigation" time="0.117" classname="completeautomation.fromscratch.assertverification"/>
  <system-out/>
</testsuite> <!-- completeautomation.fromscratch.assertverification -->
