<?xml version="1.0" encoding="UTF-8"?>
<!-- Generated by org.testng.reporters.JUnitReportReporter -->
<testsuite skipped="0" hostname="ranganath" name="completeautomation.fromscratch.Homepage" tests="1" failures="0" timestamp="2020-11-09T00:04:10 CET" time="8.490" errors="0">
  <testcase name="pageNavigation" time="8.490" classname="completeautomation.fromscratch.Homepage"/>
  <system-out/>
</testsuite> <!-- completeautomation.fromscratch.Homepage -->
